2024-07-19T12:03:19.738Z [info]: MongoDB connected...
2024-07-19T12:03:28.028Z [info]: MongoDB connected...
2024-07-19T12:03:32.642Z [info]: User logged in: sheriff.atiqa@gmail.com
2024-07-19T12:03:40.725Z [info]: Creating survey with data: {"title":"dgsdfg","description":"fdsgfd","questions":[{"text":"fdsgfd","options":["fdgs","fgfd"],"required":true}]}
2024-07-19T12:03:40.740Z [error]: Error creating survey: Survey validation failed: questions.0.options: Cast to embedded failed for value "fdgs" (type string) at path "options" because of "ObjectParameterError"
2024-07-19T12:03:53.305Z [info]: Creating survey with data: {"title":"dgsdfg","description":"fdsgfd","questions":[{"text":"fdsgfd","options":["fdgs","fgfd","sdfgh"],"required":true},{"text":"dsffgdh","options":["fdsgdfsg","fdhgf"],"required":true}]}
2024-07-19T12:03:53.311Z [error]: Error creating survey: Survey validation failed: questions.0.options: Cast to embedded failed for value "fdgs" (type string) at path "options" because of "ObjectParameterError", questions.1.options: Cast to embedded failed for value "fdsgdfsg" (type string) at path "options" because of "ObjectParameterError"
2024-07-19T12:04:46.808Z [info]: MongoDB connected...
2024-07-19T12:05:03.030Z [info]: MongoDB connected...
2024-07-19T12:05:50.549Z [info]: MongoDB connected...
2024-07-19T12:06:11.121Z [info]: MongoDB connected...
2024-07-19T12:06:37.193Z [info]: MongoDB connected...
2024-07-19T12:12:36.895Z [info]: MongoDB connected...
2024-07-19T12:13:08.901Z [info]: MongoDB connected...
2024-07-19T12:13:18.608Z [info]: MongoDB connected...
2024-07-19T12:16:34.867Z [info]: MongoDB connected...
2024-07-19T12:21:51.412Z [info]: MongoDB connected...
2024-07-19T12:22:03.316Z [info]: Server started on port 5005
2024-07-19T12:22:04.418Z [info]: MongoDB connected...
2024-07-19T12:22:54.029Z [info]: Server started on port 5005
2024-07-19T12:22:55.007Z [info]: MongoDB connected...
2024-07-19T12:24:15.767Z [info]: Server started on port 5005
2024-07-19T12:24:16.857Z [info]: MongoDB connected...
2024-07-19T12:24:56.430Z [info]: Server started on port 5005
2024-07-19T12:24:57.433Z [info]: MongoDB connected...
2024-07-19T12:28:05.143Z [info]: Server started on port 5005
2024-07-19T12:28:06.281Z [info]: MongoDB connected...
2024-07-19T12:29:57.903Z [info]: Server started on port 5005
2024-07-19T12:29:58.986Z [info]: MongoDB connected...
2024-07-19T12:30:59.139Z [info]: Server started on port 5005
2024-07-19T12:31:00.147Z [info]: MongoDB connected...
2024-07-19T12:31:12.960Z [info]: Server started on port 5005
2024-07-19T12:31:13.971Z [info]: MongoDB connected...
{"level":"info","message":"Server started on port 5005","service":"survey-app","timestamp":"2024-07-19T12:31:24.754Z"}
{"level":"info","message":"MongoDB connected...","service":"survey-app","timestamp":"2024-07-19T12:31:25.981Z"}
{"level":"info","message":"Server started on port 5005","service":"survey-app","timestamp":"2024-07-19T12:31:36.899Z"}
{"level":"info","message":"MongoDB connected...","service":"survey-app","timestamp":"2024-07-19T12:31:37.964Z"}
{"level":"info","message":"Server started on port 5005","service":"survey-app","timestamp":"2024-07-19T12:31:53.028Z"}
{"level":"info","message":"MongoDB connected...","service":"survey-app","timestamp":"2024-07-19T12:31:54.149Z"}
{"level":"info","message":"Server started on port 5005","service":"survey-app","timestamp":"2024-07-19T12:32:11.061Z"}
{"level":"info","message":"MongoDB connected...","service":"survey-app","timestamp":"2024-07-19T12:32:12.114Z"}
{"level":"info","message":"Server started on port 5005","service":"survey-app","timestamp":"2024-07-19T12:32:24.818Z"}
{"level":"info","message":"MongoDB connected...","service":"survey-app","timestamp":"2024-07-19T12:32:25.844Z"}
{"level":"info","message":"Server started on port 5005","service":"survey-app","timestamp":"2024-07-19T12:33:08.267Z"}
{"level":"info","message":"MongoDB connected...","service":"survey-app","timestamp":"2024-07-19T12:33:09.352Z"}
{"level":"info","message":"MongoDB connected...","service":"survey-app","timestamp":"2024-07-19T16:34:19.387Z"}
{"level":"info","message":"MongoDB connected...","service":"survey-app","timestamp":"2024-07-19T16:35:10.686Z"}
{"level":"info","message":"MongoDB connected...","service":"survey-app","timestamp":"2024-07-19T16:36:21.260Z"}
{"level":"info","message":"MongoDB connected...","service":"survey-app","timestamp":"2024-07-19T16:37:43.237Z"}
{"level":"info","message":"MongoDB connected...","service":"survey-app","timestamp":"2024-07-19T16:38:13.969Z"}
{"level":"info","message":"MongoDB connected...","service":"survey-app","timestamp":"2024-07-19T16:38:24.779Z"}
{"level":"info","message":"Creating survey with data: {\"title\":\"Sample Survey\",\"description\":\"This is a sample survey description.\",\"questions\":[{\"text\":\"Sample Question 1\",\"options\":[{\"text\":\"Option 1\"},{\"text\":\"Option 2\"}],\"required\":true},{\"text\":\"Sample Question 2\",\"options\":[{\"text\":\"Option 3\"},{\"text\":\"Option 4\"}],\"required\":false}],\"user\":\"669aa290dc97d4b1fd28f85c\"}","service":"survey-app","timestamp":"2024-07-19T17:46:00.836Z"}
{"level":"info","message":"Creating survey with data: {\"title\":\"zcvcxzv\",\"description\":\"xzcvxczv\",\"questions\":[{\"text\":\"cxvxc\",\"options\":[{\"text\":\"cxzvcx\"},{\"text\":\"cxzvcx\"},{\"text\":\"cxzvcxv\"}],\"required\":true},{\"text\":\"cxzvcx\",\"options\":[{\"text\":\"cxbv\"},{\"text\":\"cvcxzv\"}],\"required\":true}],\"user\":\"669aa57bc063bb394fce160d\"}","service":"survey-app","timestamp":"2024-07-19T17:48:32.788Z"}
{"level":"info","message":"Creating survey with data: {\"title\":\"fgfdsg\",\"description\":\"dsfds\",\"questions\":[{\"text\":\"dsaffg\",\"options\":[{\"text\":\"sdfds\"},{\"text\":\"dsgfdg\"},{\"text\":\"dsfds\"}],\"required\":true}],\"user\":\"669aa57bc063bb394fce160d\"}","service":"survey-app","timestamp":"2024-07-19T20:21:36.550Z"}
{"level":"info","message":"Creating survey with data: {\"title\":\"dsafdf\",\"description\":\"dafdas\",\"questions\":[{\"text\":\"dsafds\",\"options\":[{\"text\":\"dsfds\"},{\"text\":\"dasfds\"},{\"text\":\"dsafds\"}],\"required\":true}],\"user\":\"669aa57bc063bb394fce160d\"}","service":"survey-app","timestamp":"2024-07-19T20:23:32.732Z"}
